ARM GAS  /tmp/ccAqTcND.s 			page 1


   1              		.cpu cortex-m4
   2              		.eabi_attribute 27, 1
   3              		.eabi_attribute 28, 1
   4              		.eabi_attribute 20, 1
   5              		.eabi_attribute 21, 1
   6              		.eabi_attribute 23, 3
   7              		.eabi_attribute 24, 1
   8              		.eabi_attribute 25, 1
   9              		.eabi_attribute 26, 1
  10              		.eabi_attribute 30, 1
  11              		.eabi_attribute 34, 1
  12              		.eabi_attribute 18, 4
  13              		.file	"dma.c"
  14              		.text
  15              	.Ltext0:
  16              		.cfi_sections	.debug_frame
  17              		.section	.text.MX_DMA_Init,"ax",%progbits
  18              		.align	1
  19              		.global	MX_DMA_Init
  20              		.arch armv7e-m
  21              		.syntax unified
  22              		.thumb
  23              		.thumb_func
  24              		.fpu fpv4-sp-d16
  26              	MX_DMA_Init:
  27              	.LFB134:
  28              		.file 1 "Src/dma.c"
   1:Src/dma.c     **** 
   2:Src/dma.c     **** /**
   3:Src/dma.c     ****  ******************************************************************************
   4:Src/dma.c     ****  * @file    dma.c
   5:Src/dma.c     ****  * @brief   This file provides code for the configuration
   6:Src/dma.c     ****  *          of all the requested memory to memory DMA transfers.
   7:Src/dma.c     ****  ******************************************************************************
   8:Src/dma.c     ****  * @attention
   9:Src/dma.c     ****  *
  10:Src/dma.c     ****  * Copyright (c) 2024 STMicroelectronics.
  11:Src/dma.c     ****  * All rights reserved.
  12:Src/dma.c     ****  *
  13:Src/dma.c     ****  * This software is licensed under terms that can be found in the LICENSE file
  14:Src/dma.c     ****  * in the root directory of this software component.
  15:Src/dma.c     ****  * If no LICENSE file comes with this software, it is provided AS-IS.
  16:Src/dma.c     ****  *
  17:Src/dma.c     ****  ******************************************************************************
  18:Src/dma.c     ****  */
  19:Src/dma.c     **** 
  20:Src/dma.c     **** #include "dma.h"
  21:Src/dma.c     **** 
  22:Src/dma.c     **** /**
  23:Src/dma.c     ****  * Enable DMA controller clock
  24:Src/dma.c     ****  */
  25:Src/dma.c     **** void MX_DMA_Init(void)
  26:Src/dma.c     **** {
  29              		.loc 1 26 1 view -0
  30              		.cfi_startproc
  31              		@ args = 0, pretend = 0, frame = 8
  32              		@ frame_needed = 0, uses_anonymous_args = 0
ARM GAS  /tmp/ccAqTcND.s 			page 2


  33 0000 10B5     		push	{r4, lr}
  34              	.LCFI0:
  35              		.cfi_def_cfa_offset 8
  36              		.cfi_offset 4, -8
  37              		.cfi_offset 14, -4
  38 0002 82B0     		sub	sp, sp, #8
  39              	.LCFI1:
  40              		.cfi_def_cfa_offset 16
  27:Src/dma.c     **** 
  28:Src/dma.c     ****   __HAL_RCC_DMA1_CLK_ENABLE();
  41              		.loc 1 28 3 view .LVU1
  42              	.LBB2:
  43              		.loc 1 28 3 view .LVU2
  44 0004 0024     		movs	r4, #0
  45 0006 0094     		str	r4, [sp]
  46              		.loc 1 28 3 view .LVU3
  47 0008 164B     		ldr	r3, .L3
  48 000a 1A6B     		ldr	r2, [r3, #48]
  49 000c 42F40012 		orr	r2, r2, #2097152
  50 0010 1A63     		str	r2, [r3, #48]
  51              		.loc 1 28 3 view .LVU4
  52 0012 1A6B     		ldr	r2, [r3, #48]
  53 0014 02F40012 		and	r2, r2, #2097152
  54 0018 0092     		str	r2, [sp]
  55              		.loc 1 28 3 view .LVU5
  56 001a 009A     		ldr	r2, [sp]
  57              	.LBE2:
  58              		.loc 1 28 3 view .LVU6
  29:Src/dma.c     ****   __HAL_RCC_DMA2_CLK_ENABLE();
  59              		.loc 1 29 3 view .LVU7
  60              	.LBB3:
  61              		.loc 1 29 3 view .LVU8
  62 001c 0194     		str	r4, [sp, #4]
  63              		.loc 1 29 3 view .LVU9
  64 001e 1A6B     		ldr	r2, [r3, #48]
  65 0020 42F48002 		orr	r2, r2, #4194304
  66 0024 1A63     		str	r2, [r3, #48]
  67              		.loc 1 29 3 view .LVU10
  68 0026 1B6B     		ldr	r3, [r3, #48]
  69 0028 03F48003 		and	r3, r3, #4194304
  70 002c 0193     		str	r3, [sp, #4]
  71              		.loc 1 29 3 view .LVU11
  72 002e 019B     		ldr	r3, [sp, #4]
  73              	.LBE3:
  74              		.loc 1 29 3 view .LVU12
  30:Src/dma.c     **** 
  31:Src/dma.c     ****   HAL_NVIC_SetPriority(DMA1_Stream2_IRQn, 1, 0);
  75              		.loc 1 31 3 view .LVU13
  76 0030 2246     		mov	r2, r4
  77 0032 0121     		movs	r1, #1
  78 0034 0D20     		movs	r0, #13
  79 0036 FFF7FEFF 		bl	HAL_NVIC_SetPriority
  80              	.LVL0:
  32:Src/dma.c     ****   HAL_NVIC_EnableIRQ(DMA1_Stream2_IRQn);
  81              		.loc 1 32 3 view .LVU14
  82 003a 0D20     		movs	r0, #13
  83 003c FFF7FEFF 		bl	HAL_NVIC_EnableIRQ
ARM GAS  /tmp/ccAqTcND.s 			page 3


  84              	.LVL1:
  33:Src/dma.c     **** 
  34:Src/dma.c     ****   HAL_NVIC_SetPriority(DMA1_Stream4_IRQn, 1, 0);
  85              		.loc 1 34 3 view .LVU15
  86 0040 2246     		mov	r2, r4
  87 0042 0121     		movs	r1, #1
  88 0044 0F20     		movs	r0, #15
  89 0046 FFF7FEFF 		bl	HAL_NVIC_SetPriority
  90              	.LVL2:
  35:Src/dma.c     ****   HAL_NVIC_EnableIRQ(DMA1_Stream4_IRQn);
  91              		.loc 1 35 3 view .LVU16
  92 004a 0F20     		movs	r0, #15
  93 004c FFF7FEFF 		bl	HAL_NVIC_EnableIRQ
  94              	.LVL3:
  36:Src/dma.c     **** 
  37:Src/dma.c     ****   HAL_NVIC_SetPriority(DMA2_Stream7_IRQn, 2, 0);
  95              		.loc 1 37 3 view .LVU17
  96 0050 2246     		mov	r2, r4
  97 0052 0221     		movs	r1, #2
  98 0054 4620     		movs	r0, #70
  99 0056 FFF7FEFF 		bl	HAL_NVIC_SetPriority
 100              	.LVL4:
  38:Src/dma.c     ****   HAL_NVIC_EnableIRQ(DMA2_Stream7_IRQn);
 101              		.loc 1 38 3 view .LVU18
 102 005a 4620     		movs	r0, #70
 103 005c FFF7FEFF 		bl	HAL_NVIC_EnableIRQ
 104              	.LVL5:
  39:Src/dma.c     **** }
 105              		.loc 1 39 1 is_stmt 0 view .LVU19
 106 0060 02B0     		add	sp, sp, #8
 107              	.LCFI2:
 108              		.cfi_def_cfa_offset 8
 109              		@ sp needed
 110 0062 10BD     		pop	{r4, pc}
 111              	.L4:
 112              		.align	2
 113              	.L3:
 114 0064 00380240 		.word	1073887232
 115              		.cfi_endproc
 116              	.LFE134:
 118              		.text
 119              	.Letext0:
 120              		.file 2 "Drivers/CMSIS/Device/ST/STM32F4xx/Include/stm32f411xe.h"
 121              		.file 3 "/usr/lib/gcc/arm-none-eabi/10.3.1/include/stdint.h"
 122              		.file 4 "Drivers/STM32F4xx_HAL_Driver/Inc/stm32f4xx_hal_cortex.h"
ARM GAS  /tmp/ccAqTcND.s 			page 4


DEFINED SYMBOLS
                            *ABS*:0000000000000000 dma.c
     /tmp/ccAqTcND.s:18     .text.MX_DMA_Init:0000000000000000 $t
     /tmp/ccAqTcND.s:26     .text.MX_DMA_Init:0000000000000000 MX_DMA_Init
     /tmp/ccAqTcND.s:114    .text.MX_DMA_Init:0000000000000064 $d

UNDEFINED SYMBOLS
HAL_NVIC_SetPriority
HAL_NVIC_EnableIRQ
