ARM GAS  /tmp/ccGktZF5.s 			page 1


   1              		.cpu cortex-m4
   2              		.eabi_attribute 27, 1
   3              		.eabi_attribute 28, 1
   4              		.eabi_attribute 20, 1
   5              		.eabi_attribute 21, 1
   6              		.eabi_attribute 23, 3
   7              		.eabi_attribute 24, 1
   8              		.eabi_attribute 25, 1
   9              		.eabi_attribute 26, 1
  10              		.eabi_attribute 30, 1
  11              		.eabi_attribute 34, 1
  12              		.eabi_attribute 18, 4
  13              		.file	"system_stm32f4xx.c"
  14              		.text
  15              	.Ltext0:
  16              		.cfi_sections	.debug_frame
  17              		.section	.text.SystemInit,"ax",%progbits
  18              		.align	1
  19              		.global	SystemInit
  20              		.arch armv7e-m
  21              		.syntax unified
  22              		.thumb
  23              		.thumb_func
  24              		.fpu fpv4-sp-d16
  26              	SystemInit:
  27              	.LFB134:
  28              		.file 1 "Src/system_stm32f4xx.c"
   1:Src/system_stm32f4xx.c **** /**
   2:Src/system_stm32f4xx.c ****  ******************************************************************************
   3:Src/system_stm32f4xx.c ****  * @file    system_stm32f4xx.c
   4:Src/system_stm32f4xx.c ****  * @author  MCD Application Team
   5:Src/system_stm32f4xx.c ****  * @brief   CMSIS Cortex-M4 Device Peripheral Access Layer System Source File.
   6:Src/system_stm32f4xx.c ****  *
   7:Src/system_stm32f4xx.c ****  *   This file provides two functions and one global variable to be called from
   8:Src/system_stm32f4xx.c ****  *   user application:
   9:Src/system_stm32f4xx.c ****  *      - SystemInit(): This function is called at startup just after reset and
  10:Src/system_stm32f4xx.c ****  *                      before branch to main program. This call is made inside
  11:Src/system_stm32f4xx.c ****  *                      the "startup_stm32f4xx.s" file.
  12:Src/system_stm32f4xx.c ****  *
  13:Src/system_stm32f4xx.c ****  *      - SystemCoreClock variable: Contains the core clock (HCLK), it can be used
  14:Src/system_stm32f4xx.c ****  *                                  by the user application to setup the SysTick
  15:Src/system_stm32f4xx.c ****  *                                  timer or configure other parameters.
  16:Src/system_stm32f4xx.c ****  *
  17:Src/system_stm32f4xx.c ****  *      - SystemCoreClockUpdate(): Updates the variable SystemCoreClock and must
  18:Src/system_stm32f4xx.c ****  *                                 be called whenever the core clock is changed
  19:Src/system_stm32f4xx.c ****  *                                 during program execution.
  20:Src/system_stm32f4xx.c ****  *
  21:Src/system_stm32f4xx.c ****  *
  22:Src/system_stm32f4xx.c ****  ******************************************************************************
  23:Src/system_stm32f4xx.c ****  * @attention
  24:Src/system_stm32f4xx.c ****  *
  25:Src/system_stm32f4xx.c ****  * Copyright (c) 2017 STMicroelectronics.
  26:Src/system_stm32f4xx.c ****  * All rights reserved.
  27:Src/system_stm32f4xx.c ****  *
  28:Src/system_stm32f4xx.c ****  * This software is licensed under terms that can be found in the LICENSE file
  29:Src/system_stm32f4xx.c ****  * in the root directory of this software component.
  30:Src/system_stm32f4xx.c ****  * If no LICENSE file comes with this software, it is provided AS-IS.
ARM GAS  /tmp/ccGktZF5.s 			page 2


  31:Src/system_stm32f4xx.c ****  *
  32:Src/system_stm32f4xx.c ****  ******************************************************************************
  33:Src/system_stm32f4xx.c ****  */
  34:Src/system_stm32f4xx.c **** 
  35:Src/system_stm32f4xx.c **** /** @addtogroup CMSIS
  36:Src/system_stm32f4xx.c ****  * @{
  37:Src/system_stm32f4xx.c ****  */
  38:Src/system_stm32f4xx.c **** 
  39:Src/system_stm32f4xx.c **** /** @addtogroup stm32f4xx_system
  40:Src/system_stm32f4xx.c ****  * @{
  41:Src/system_stm32f4xx.c ****  */
  42:Src/system_stm32f4xx.c **** 
  43:Src/system_stm32f4xx.c **** /** @addtogroup STM32F4xx_System_Private_Includes
  44:Src/system_stm32f4xx.c ****  * @{
  45:Src/system_stm32f4xx.c ****  */
  46:Src/system_stm32f4xx.c **** 
  47:Src/system_stm32f4xx.c **** #include "stm32f4xx.h"
  48:Src/system_stm32f4xx.c **** 
  49:Src/system_stm32f4xx.c **** #if !defined(HSE_VALUE)
  50:Src/system_stm32f4xx.c **** #define HSE_VALUE ((uint32_t)25000000)
  51:Src/system_stm32f4xx.c **** #endif
  52:Src/system_stm32f4xx.c **** 
  53:Src/system_stm32f4xx.c **** #if !defined(HSI_VALUE)
  54:Src/system_stm32f4xx.c **** #define HSI_VALUE ((uint32_t)16000000)
  55:Src/system_stm32f4xx.c **** #endif
  56:Src/system_stm32f4xx.c **** 
  57:Src/system_stm32f4xx.c **** /**
  58:Src/system_stm32f4xx.c ****  * @}
  59:Src/system_stm32f4xx.c ****  */
  60:Src/system_stm32f4xx.c **** 
  61:Src/system_stm32f4xx.c **** /** @addtogroup STM32F4xx_System_Private_TypesDefinitions
  62:Src/system_stm32f4xx.c ****  * @{
  63:Src/system_stm32f4xx.c ****  */
  64:Src/system_stm32f4xx.c **** 
  65:Src/system_stm32f4xx.c **** /**
  66:Src/system_stm32f4xx.c ****  * @}
  67:Src/system_stm32f4xx.c ****  */
  68:Src/system_stm32f4xx.c **** 
  69:Src/system_stm32f4xx.c **** /** @addtogroup STM32F4xx_System_Private_Defines
  70:Src/system_stm32f4xx.c ****  * @{
  71:Src/system_stm32f4xx.c ****  */
  72:Src/system_stm32f4xx.c **** 
  73:Src/system_stm32f4xx.c **** /************************* Miscellaneous Configuration ************************/
  74:Src/system_stm32f4xx.c **** 
  75:Src/system_stm32f4xx.c **** #if defined(STM32F405xx) || defined(STM32F415xx) || defined(STM32F407xx) || defined(STM32F417xx) ||
  76:Src/system_stm32f4xx.c **** 
  77:Src/system_stm32f4xx.c **** #endif
  78:Src/system_stm32f4xx.c **** 
  79:Src/system_stm32f4xx.c **** #if defined(STM32F427xx) || defined(STM32F437xx) || defined(STM32F429xx) || defined(STM32F439xx) ||
  80:Src/system_stm32f4xx.c **** 
  81:Src/system_stm32f4xx.c **** #endif
  82:Src/system_stm32f4xx.c **** 
  83:Src/system_stm32f4xx.c **** #if defined(USER_VECT_TAB_ADDRESS)
  84:Src/system_stm32f4xx.c **** 
  85:Src/system_stm32f4xx.c **** #if defined(VECT_TAB_SRAM)
  86:Src/system_stm32f4xx.c **** #define VECT_TAB_BASE_ADDRESS SRAM_BASE
  87:Src/system_stm32f4xx.c **** #define VECT_TAB_OFFSET 0x00000000U
ARM GAS  /tmp/ccGktZF5.s 			page 3


  88:Src/system_stm32f4xx.c **** #else
  89:Src/system_stm32f4xx.c **** #define VECT_TAB_BASE_ADDRESS FLASH_BASE
  90:Src/system_stm32f4xx.c **** #define VECT_TAB_OFFSET 0x00000000U
  91:Src/system_stm32f4xx.c **** #endif
  92:Src/system_stm32f4xx.c **** #endif
  93:Src/system_stm32f4xx.c **** /******************************************************************************/
  94:Src/system_stm32f4xx.c **** 
  95:Src/system_stm32f4xx.c **** /**
  96:Src/system_stm32f4xx.c ****  * @}
  97:Src/system_stm32f4xx.c ****  */
  98:Src/system_stm32f4xx.c **** 
  99:Src/system_stm32f4xx.c **** /** @addtogroup STM32F4xx_System_Private_Macros
 100:Src/system_stm32f4xx.c ****  * @{
 101:Src/system_stm32f4xx.c ****  */
 102:Src/system_stm32f4xx.c **** 
 103:Src/system_stm32f4xx.c **** /**
 104:Src/system_stm32f4xx.c ****  * @}
 105:Src/system_stm32f4xx.c ****  */
 106:Src/system_stm32f4xx.c **** 
 107:Src/system_stm32f4xx.c **** /** @addtogroup STM32F4xx_System_Private_Variables
 108:Src/system_stm32f4xx.c ****  * @{
 109:Src/system_stm32f4xx.c ****  */
 110:Src/system_stm32f4xx.c **** 
 111:Src/system_stm32f4xx.c **** uint32_t SystemCoreClock = 16000000;
 112:Src/system_stm32f4xx.c **** const uint8_t AHBPrescTable[16] = {0, 0, 0, 0, 0, 0, 0, 0, 1, 2, 3, 4, 6, 7, 8, 9};
 113:Src/system_stm32f4xx.c **** const uint8_t APBPrescTable[8] = {0, 0, 0, 0, 1, 2, 3, 4};
 114:Src/system_stm32f4xx.c **** /**
 115:Src/system_stm32f4xx.c ****  * @}
 116:Src/system_stm32f4xx.c ****  */
 117:Src/system_stm32f4xx.c **** 
 118:Src/system_stm32f4xx.c **** /** @addtogroup STM32F4xx_System_Private_FunctionPrototypes
 119:Src/system_stm32f4xx.c ****  * @{
 120:Src/system_stm32f4xx.c ****  */
 121:Src/system_stm32f4xx.c **** 
 122:Src/system_stm32f4xx.c **** #if defined(DATA_IN_ExtSRAM) || defined(DATA_IN_ExtSDRAM)
 123:Src/system_stm32f4xx.c **** static void SystemInit_ExtMemCtl(void);
 124:Src/system_stm32f4xx.c **** #endif
 125:Src/system_stm32f4xx.c **** 
 126:Src/system_stm32f4xx.c **** /**
 127:Src/system_stm32f4xx.c ****  * @}
 128:Src/system_stm32f4xx.c ****  */
 129:Src/system_stm32f4xx.c **** 
 130:Src/system_stm32f4xx.c **** /** @addtogroup STM32F4xx_System_Private_Functions
 131:Src/system_stm32f4xx.c ****  * @{
 132:Src/system_stm32f4xx.c ****  */
 133:Src/system_stm32f4xx.c **** 
 134:Src/system_stm32f4xx.c **** /**
 135:Src/system_stm32f4xx.c ****  * @brief  Setup the microcontroller system
 136:Src/system_stm32f4xx.c ****  *         Initialize the FPU setting, vector table location and External memory
 137:Src/system_stm32f4xx.c ****  *         configuration.
 138:Src/system_stm32f4xx.c ****  * @param  None
 139:Src/system_stm32f4xx.c ****  * @retval None
 140:Src/system_stm32f4xx.c ****  */
 141:Src/system_stm32f4xx.c **** void SystemInit(void)
 142:Src/system_stm32f4xx.c **** {
  29              		.loc 1 142 1 view -0
  30              		.cfi_startproc
ARM GAS  /tmp/ccGktZF5.s 			page 4


  31              		@ args = 0, pretend = 0, frame = 0
  32              		@ frame_needed = 0, uses_anonymous_args = 0
  33              		@ link register save eliminated.
 143:Src/system_stm32f4xx.c **** 
 144:Src/system_stm32f4xx.c **** #if (__FPU_PRESENT == 1) && (__FPU_USED == 1)
 145:Src/system_stm32f4xx.c ****   SCB->CPACR |= ((3UL << 10 * 2) | (3UL << 11 * 2));
  34              		.loc 1 145 3 view .LVU1
  35              		.loc 1 145 14 is_stmt 0 view .LVU2
  36 0000 034A     		ldr	r2, .L2
  37 0002 D2F88830 		ldr	r3, [r2, #136]
  38 0006 43F47003 		orr	r3, r3, #15728640
  39 000a C2F88830 		str	r3, [r2, #136]
 146:Src/system_stm32f4xx.c **** #endif
 147:Src/system_stm32f4xx.c **** 
 148:Src/system_stm32f4xx.c **** #if defined(DATA_IN_ExtSRAM) || defined(DATA_IN_ExtSDRAM)
 149:Src/system_stm32f4xx.c ****   SystemInit_ExtMemCtl();
 150:Src/system_stm32f4xx.c **** #endif
 151:Src/system_stm32f4xx.c **** 
 152:Src/system_stm32f4xx.c **** #if defined(USER_VECT_TAB_ADDRESS)
 153:Src/system_stm32f4xx.c ****   SCB->VTOR = VECT_TAB_BASE_ADDRESS | VECT_TAB_OFFSET;
 154:Src/system_stm32f4xx.c **** #endif
 155:Src/system_stm32f4xx.c **** }
  40              		.loc 1 155 1 view .LVU3
  41 000e 7047     		bx	lr
  42              	.L3:
  43              		.align	2
  44              	.L2:
  45 0010 00ED00E0 		.word	-536810240
  46              		.cfi_endproc
  47              	.LFE134:
  49              		.section	.text.SystemCoreClockUpdate,"ax",%progbits
  50              		.align	1
  51              		.global	SystemCoreClockUpdate
  52              		.syntax unified
  53              		.thumb
  54              		.thumb_func
  55              		.fpu fpv4-sp-d16
  57              	SystemCoreClockUpdate:
  58              	.LFB135:
 156:Src/system_stm32f4xx.c **** 
 157:Src/system_stm32f4xx.c **** /**
 158:Src/system_stm32f4xx.c ****  * @brief  Update SystemCoreClock variable according to Clock Register Values.
 159:Src/system_stm32f4xx.c ****  *         The SystemCoreClock variable contains the core clock (HCLK), it can
 160:Src/system_stm32f4xx.c ****  *         be used by the user application to setup the SysTick timer or configure
 161:Src/system_stm32f4xx.c ****  *         other parameters.
 162:Src/system_stm32f4xx.c ****  *
 163:Src/system_stm32f4xx.c ****  * @note   Each time the core clock (HCLK) changes, this function must be called
 164:Src/system_stm32f4xx.c ****  *         to update SystemCoreClock variable value. Otherwise, any configuration
 165:Src/system_stm32f4xx.c ****  *         based on this variable will be incorrect.
 166:Src/system_stm32f4xx.c ****  *
 167:Src/system_stm32f4xx.c ****  * @note   - The system frequency computed by this function is not the real
 168:Src/system_stm32f4xx.c ****  *           frequency in the chip. It is calculated based on the predefined
 169:Src/system_stm32f4xx.c ****  *           constant and the selected clock source:
 170:Src/system_stm32f4xx.c ****  *
 171:Src/system_stm32f4xx.c ****  *           - If SYSCLK source is HSI, SystemCoreClock will contain the HSI_VALUE(*)
 172:Src/system_stm32f4xx.c ****  *
 173:Src/system_stm32f4xx.c ****  *           - If SYSCLK source is HSE, SystemCoreClock will contain the HSE_VALUE(**)
ARM GAS  /tmp/ccGktZF5.s 			page 5


 174:Src/system_stm32f4xx.c ****  *
 175:Src/system_stm32f4xx.c ****  *           - If SYSCLK source is PLL, SystemCoreClock will contain the HSE_VALUE(**)
 176:Src/system_stm32f4xx.c ****  *             or HSI_VALUE(*) multiplied/divided by the PLL factors.
 177:Src/system_stm32f4xx.c ****  *
 178:Src/system_stm32f4xx.c ****  *         (*) HSI_VALUE is a constant defined in stm32f4xx_hal_conf.h file (default value
 179:Src/system_stm32f4xx.c ****  *             16 MHz) but the real value may vary depending on the variations
 180:Src/system_stm32f4xx.c ****  *             in voltage and temperature.
 181:Src/system_stm32f4xx.c ****  *
 182:Src/system_stm32f4xx.c ****  *         (**) HSE_VALUE is a constant defined in stm32f4xx_hal_conf.h file (its value
 183:Src/system_stm32f4xx.c ****  *              depends on the application requirements), user has to ensure that HSE_VALUE
 184:Src/system_stm32f4xx.c ****  *              is same as the real frequency of the crystal used. Otherwise, this function
 185:Src/system_stm32f4xx.c ****  *              may have wrong result.
 186:Src/system_stm32f4xx.c ****  *
 187:Src/system_stm32f4xx.c ****  *         - The result of this function could be not correct when using fractional
 188:Src/system_stm32f4xx.c ****  *           value for HSE crystal.
 189:Src/system_stm32f4xx.c ****  *
 190:Src/system_stm32f4xx.c ****  * @param  None
 191:Src/system_stm32f4xx.c ****  * @retval None
 192:Src/system_stm32f4xx.c ****  */
 193:Src/system_stm32f4xx.c **** void SystemCoreClockUpdate(void)
 194:Src/system_stm32f4xx.c **** {
  59              		.loc 1 194 1 is_stmt 1 view -0
  60              		.cfi_startproc
  61              		@ args = 0, pretend = 0, frame = 0
  62              		@ frame_needed = 0, uses_anonymous_args = 0
  63              		@ link register save eliminated.
 195:Src/system_stm32f4xx.c ****   uint32_t tmp = 0, pllvco = 0, pllp = 2, pllsource = 0, pllm = 2;
  64              		.loc 1 195 3 view .LVU5
  65              	.LVL0:
 196:Src/system_stm32f4xx.c **** 
 197:Src/system_stm32f4xx.c ****   tmp = RCC->CFGR & RCC_CFGR_SWS;
  66              		.loc 1 197 3 view .LVU6
  67              		.loc 1 197 12 is_stmt 0 view .LVU7
  68 0000 224B     		ldr	r3, .L12
  69 0002 9B68     		ldr	r3, [r3, #8]
  70              		.loc 1 197 7 view .LVU8
  71 0004 03F00C03 		and	r3, r3, #12
  72              	.LVL1:
 198:Src/system_stm32f4xx.c **** 
 199:Src/system_stm32f4xx.c ****   switch (tmp)
  73              		.loc 1 199 3 is_stmt 1 view .LVU9
  74 0008 042B     		cmp	r3, #4
  75 000a 14D0     		beq	.L5
  76 000c 082B     		cmp	r3, #8
  77 000e 16D0     		beq	.L6
  78 0010 1BB1     		cbz	r3, .L11
 200:Src/system_stm32f4xx.c ****   {
 201:Src/system_stm32f4xx.c ****   case 0x00:
 202:Src/system_stm32f4xx.c ****     SystemCoreClock = HSI_VALUE;
 203:Src/system_stm32f4xx.c ****     break;
 204:Src/system_stm32f4xx.c ****   case 0x04:
 205:Src/system_stm32f4xx.c ****     SystemCoreClock = HSE_VALUE;
 206:Src/system_stm32f4xx.c ****     break;
 207:Src/system_stm32f4xx.c ****   case 0x08:
 208:Src/system_stm32f4xx.c **** 
 209:Src/system_stm32f4xx.c ****     pllsource = (RCC->PLLCFGR & RCC_PLLCFGR_PLLSRC) >> 22;
 210:Src/system_stm32f4xx.c ****     pllm = RCC->PLLCFGR & RCC_PLLCFGR_PLLM;
ARM GAS  /tmp/ccGktZF5.s 			page 6


 211:Src/system_stm32f4xx.c **** 
 212:Src/system_stm32f4xx.c ****     if (pllsource != 0)
 213:Src/system_stm32f4xx.c ****     {
 214:Src/system_stm32f4xx.c **** 
 215:Src/system_stm32f4xx.c ****       pllvco = (HSE_VALUE / pllm) * ((RCC->PLLCFGR & RCC_PLLCFGR_PLLN) >> 6);
 216:Src/system_stm32f4xx.c ****     }
 217:Src/system_stm32f4xx.c ****     else
 218:Src/system_stm32f4xx.c ****     {
 219:Src/system_stm32f4xx.c **** 
 220:Src/system_stm32f4xx.c ****       pllvco = (HSI_VALUE / pllm) * ((RCC->PLLCFGR & RCC_PLLCFGR_PLLN) >> 6);
 221:Src/system_stm32f4xx.c ****     }
 222:Src/system_stm32f4xx.c **** 
 223:Src/system_stm32f4xx.c ****     pllp = (((RCC->PLLCFGR & RCC_PLLCFGR_PLLP) >> 16) + 1) * 2;
 224:Src/system_stm32f4xx.c ****     SystemCoreClock = pllvco / pllp;
 225:Src/system_stm32f4xx.c ****     break;
 226:Src/system_stm32f4xx.c ****   default:
 227:Src/system_stm32f4xx.c ****     SystemCoreClock = HSI_VALUE;
  79              		.loc 1 227 5 view .LVU10
  80              		.loc 1 227 21 is_stmt 0 view .LVU11
  81 0012 1F4B     		ldr	r3, .L12+4
  82              	.LVL2:
  83              		.loc 1 227 21 view .LVU12
  84 0014 1F4A     		ldr	r2, .L12+8
  85 0016 1A60     		str	r2, [r3]
 228:Src/system_stm32f4xx.c ****     break;
  86              		.loc 1 228 5 is_stmt 1 view .LVU13
  87 0018 02E0     		b	.L8
  88              	.LVL3:
  89              	.L11:
 202:Src/system_stm32f4xx.c ****     break;
  90              		.loc 1 202 5 view .LVU14
 202:Src/system_stm32f4xx.c ****     break;
  91              		.loc 1 202 21 is_stmt 0 view .LVU15
  92 001a 1D4B     		ldr	r3, .L12+4
  93              	.LVL4:
 202:Src/system_stm32f4xx.c ****     break;
  94              		.loc 1 202 21 view .LVU16
  95 001c 1D4A     		ldr	r2, .L12+8
  96 001e 1A60     		str	r2, [r3]
 203:Src/system_stm32f4xx.c ****   case 0x04:
  97              		.loc 1 203 5 is_stmt 1 view .LVU17
  98              	.LVL5:
  99              	.L8:
 229:Src/system_stm32f4xx.c ****   }
 230:Src/system_stm32f4xx.c **** 
 231:Src/system_stm32f4xx.c ****   tmp = AHBPrescTable[((RCC->CFGR & RCC_CFGR_HPRE) >> 4)];
 100              		.loc 1 231 3 view .LVU18
 101              		.loc 1 231 28 is_stmt 0 view .LVU19
 102 0020 1A4B     		ldr	r3, .L12
 103 0022 9B68     		ldr	r3, [r3, #8]
 104              		.loc 1 231 52 view .LVU20
 105 0024 C3F30313 		ubfx	r3, r3, #4, #4
 106              		.loc 1 231 22 view .LVU21
 107 0028 1B4A     		ldr	r2, .L12+12
 108 002a D15C     		ldrb	r1, [r2, r3]	@ zero_extendqisi2
 109              	.LVL6:
 232:Src/system_stm32f4xx.c **** 
ARM GAS  /tmp/ccGktZF5.s 			page 7


 233:Src/system_stm32f4xx.c ****   SystemCoreClock >>= tmp;
 110              		.loc 1 233 3 is_stmt 1 view .LVU22
 111              		.loc 1 233 19 is_stmt 0 view .LVU23
 112 002c 184A     		ldr	r2, .L12+4
 113 002e 1368     		ldr	r3, [r2]
 114 0030 CB40     		lsrs	r3, r3, r1
 115 0032 1360     		str	r3, [r2]
 234:Src/system_stm32f4xx.c **** }
 116              		.loc 1 234 1 view .LVU24
 117 0034 7047     		bx	lr
 118              	.LVL7:
 119              	.L5:
 205:Src/system_stm32f4xx.c ****     break;
 120              		.loc 1 205 5 is_stmt 1 view .LVU25
 205:Src/system_stm32f4xx.c ****     break;
 121              		.loc 1 205 21 is_stmt 0 view .LVU26
 122 0036 164B     		ldr	r3, .L12+4
 123              	.LVL8:
 205:Src/system_stm32f4xx.c ****     break;
 124              		.loc 1 205 21 view .LVU27
 125 0038 184A     		ldr	r2, .L12+16
 126 003a 1A60     		str	r2, [r3]
 206:Src/system_stm32f4xx.c ****   case 0x08:
 127              		.loc 1 206 5 is_stmt 1 view .LVU28
 128 003c F0E7     		b	.L8
 129              	.LVL9:
 130              	.L6:
 209:Src/system_stm32f4xx.c ****     pllm = RCC->PLLCFGR & RCC_PLLCFGR_PLLM;
 131              		.loc 1 209 5 view .LVU29
 209:Src/system_stm32f4xx.c ****     pllm = RCC->PLLCFGR & RCC_PLLCFGR_PLLM;
 132              		.loc 1 209 21 is_stmt 0 view .LVU30
 133 003e 134B     		ldr	r3, .L12
 134              	.LVL10:
 209:Src/system_stm32f4xx.c ****     pllm = RCC->PLLCFGR & RCC_PLLCFGR_PLLM;
 135              		.loc 1 209 21 view .LVU31
 136 0040 5968     		ldr	r1, [r3, #4]
 137              	.LVL11:
 210:Src/system_stm32f4xx.c **** 
 138              		.loc 1 210 5 is_stmt 1 view .LVU32
 210:Src/system_stm32f4xx.c **** 
 139              		.loc 1 210 15 is_stmt 0 view .LVU33
 140 0042 5A68     		ldr	r2, [r3, #4]
 210:Src/system_stm32f4xx.c **** 
 141              		.loc 1 210 10 view .LVU34
 142 0044 02F03F02 		and	r2, r2, #63
 143              	.LVL12:
 212:Src/system_stm32f4xx.c ****     {
 144              		.loc 1 212 5 is_stmt 1 view .LVU35
 212:Src/system_stm32f4xx.c ****     {
 145              		.loc 1 212 8 is_stmt 0 view .LVU36
 146 0048 11F4800F 		tst	r1, #4194304
 147 004c 13D0     		beq	.L9
 215:Src/system_stm32f4xx.c ****     }
 148              		.loc 1 215 7 is_stmt 1 view .LVU37
 215:Src/system_stm32f4xx.c ****     }
 149              		.loc 1 215 27 is_stmt 0 view .LVU38
 150 004e 134B     		ldr	r3, .L12+16
ARM GAS  /tmp/ccGktZF5.s 			page 8


 151 0050 B3FBF2F3 		udiv	r3, r3, r2
 215:Src/system_stm32f4xx.c ****     }
 152              		.loc 1 215 42 view .LVU39
 153 0054 0D4A     		ldr	r2, .L12
 154              	.LVL13:
 215:Src/system_stm32f4xx.c ****     }
 155              		.loc 1 215 42 view .LVU40
 156 0056 5268     		ldr	r2, [r2, #4]
 215:Src/system_stm32f4xx.c ****     }
 157              		.loc 1 215 72 view .LVU41
 158 0058 C2F38812 		ubfx	r2, r2, #6, #9
 215:Src/system_stm32f4xx.c ****     }
 159              		.loc 1 215 14 view .LVU42
 160 005c 02FB03F3 		mul	r3, r2, r3
 161              	.LVL14:
 162              	.L10:
 223:Src/system_stm32f4xx.c ****     SystemCoreClock = pllvco / pllp;
 163              		.loc 1 223 5 is_stmt 1 view .LVU43
 223:Src/system_stm32f4xx.c ****     SystemCoreClock = pllvco / pllp;
 164              		.loc 1 223 18 is_stmt 0 view .LVU44
 165 0060 0A4A     		ldr	r2, .L12
 166 0062 5268     		ldr	r2, [r2, #4]
 223:Src/system_stm32f4xx.c ****     SystemCoreClock = pllvco / pllp;
 167              		.loc 1 223 48 view .LVU45
 168 0064 C2F30142 		ubfx	r2, r2, #16, #2
 223:Src/system_stm32f4xx.c ****     SystemCoreClock = pllvco / pllp;
 169              		.loc 1 223 55 view .LVU46
 170 0068 0132     		adds	r2, r2, #1
 223:Src/system_stm32f4xx.c ****     SystemCoreClock = pllvco / pllp;
 171              		.loc 1 223 10 view .LVU47
 172 006a 5200     		lsls	r2, r2, #1
 173              	.LVL15:
 224:Src/system_stm32f4xx.c ****     break;
 174              		.loc 1 224 5 is_stmt 1 view .LVU48
 224:Src/system_stm32f4xx.c ****     break;
 175              		.loc 1 224 30 is_stmt 0 view .LVU49
 176 006c B3FBF2F3 		udiv	r3, r3, r2
 177              	.LVL16:
 224:Src/system_stm32f4xx.c ****     break;
 178              		.loc 1 224 21 view .LVU50
 179 0070 074A     		ldr	r2, .L12+4
 180              	.LVL17:
 224:Src/system_stm32f4xx.c ****     break;
 181              		.loc 1 224 21 view .LVU51
 182 0072 1360     		str	r3, [r2]
 225:Src/system_stm32f4xx.c ****   default:
 183              		.loc 1 225 5 is_stmt 1 view .LVU52
 184 0074 D4E7     		b	.L8
 185              	.LVL18:
 186              	.L9:
 220:Src/system_stm32f4xx.c ****     }
 187              		.loc 1 220 7 view .LVU53
 220:Src/system_stm32f4xx.c ****     }
 188              		.loc 1 220 27 is_stmt 0 view .LVU54
 189 0076 074B     		ldr	r3, .L12+8
 190 0078 B3FBF2F3 		udiv	r3, r3, r2
 220:Src/system_stm32f4xx.c ****     }
ARM GAS  /tmp/ccGktZF5.s 			page 9


 191              		.loc 1 220 42 view .LVU55
 192 007c 034A     		ldr	r2, .L12
 193              	.LVL19:
 220:Src/system_stm32f4xx.c ****     }
 194              		.loc 1 220 42 view .LVU56
 195 007e 5268     		ldr	r2, [r2, #4]
 220:Src/system_stm32f4xx.c ****     }
 196              		.loc 1 220 72 view .LVU57
 197 0080 C2F38812 		ubfx	r2, r2, #6, #9
 220:Src/system_stm32f4xx.c ****     }
 198              		.loc 1 220 14 view .LVU58
 199 0084 02FB03F3 		mul	r3, r2, r3
 200              	.LVL20:
 220:Src/system_stm32f4xx.c ****     }
 201              		.loc 1 220 14 view .LVU59
 202 0088 EAE7     		b	.L10
 203              	.L13:
 204 008a 00BF     		.align	2
 205              	.L12:
 206 008c 00380240 		.word	1073887232
 207 0090 00000000 		.word	.LANCHOR0
 208 0094 0024F400 		.word	16000000
 209 0098 00000000 		.word	.LANCHOR1
 210 009c 40787D01 		.word	25000000
 211              		.cfi_endproc
 212              	.LFE135:
 214              		.global	APBPrescTable
 215              		.global	AHBPrescTable
 216              		.global	SystemCoreClock
 217              		.section	.data.SystemCoreClock,"aw"
 218              		.align	2
 219              		.set	.LANCHOR0,. + 0
 222              	SystemCoreClock:
 223 0000 0024F400 		.word	16000000
 224              		.section	.rodata.AHBPrescTable,"a"
 225              		.align	2
 226              		.set	.LANCHOR1,. + 0
 229              	AHBPrescTable:
 230 0000 00000000 		.ascii	"\000\000\000\000\000\000\000\000\001\002\003\004\006"
 230      00000000 
 230      01020304 
 230      06
 231 000d 070809   		.ascii	"\007\010\011"
 232              		.section	.rodata.APBPrescTable,"a"
 233              		.align	2
 236              	APBPrescTable:
 237 0000 00000000 		.ascii	"\000\000\000\000\001\002\003\004"
 237      01020304 
 238              		.text
 239              	.Letext0:
 240              		.file 2 "/usr/lib/gcc/arm-none-eabi/10.3.1/include/stdint.h"
 241              		.file 3 "Drivers/CMSIS/Include/core_cm4.h"
 242              		.file 4 "Drivers/CMSIS/Device/ST/STM32F4xx/Include/system_stm32f4xx.h"
 243              		.file 5 "Drivers/CMSIS/Device/ST/STM32F4xx/Include/stm32f411xe.h"
ARM GAS  /tmp/ccGktZF5.s 			page 10


DEFINED SYMBOLS
                            *ABS*:0000000000000000 system_stm32f4xx.c
     /tmp/ccGktZF5.s:18     .text.SystemInit:0000000000000000 $t
     /tmp/ccGktZF5.s:26     .text.SystemInit:0000000000000000 SystemInit
     /tmp/ccGktZF5.s:45     .text.SystemInit:0000000000000010 $d
     /tmp/ccGktZF5.s:50     .text.SystemCoreClockUpdate:0000000000000000 $t
     /tmp/ccGktZF5.s:57     .text.SystemCoreClockUpdate:0000000000000000 SystemCoreClockUpdate
     /tmp/ccGktZF5.s:206    .text.SystemCoreClockUpdate:000000000000008c $d
     /tmp/ccGktZF5.s:236    .rodata.APBPrescTable:0000000000000000 APBPrescTable
     /tmp/ccGktZF5.s:229    .rodata.AHBPrescTable:0000000000000000 AHBPrescTable
     /tmp/ccGktZF5.s:222    .data.SystemCoreClock:0000000000000000 SystemCoreClock
     /tmp/ccGktZF5.s:218    .data.SystemCoreClock:0000000000000000 $d
     /tmp/ccGktZF5.s:225    .rodata.AHBPrescTable:0000000000000000 $d
     /tmp/ccGktZF5.s:233    .rodata.APBPrescTable:0000000000000000 $d

NO UNDEFINED SYMBOLS
