ARM GAS  /tmp/ccA2qQUr.s 			page 1


   1              		.cpu cortex-m4
   2              		.eabi_attribute 27, 1
   3              		.eabi_attribute 28, 1
   4              		.eabi_attribute 20, 1
   5              		.eabi_attribute 21, 1
   6              		.eabi_attribute 23, 3
   7              		.eabi_attribute 24, 1
   8              		.eabi_attribute 25, 1
   9              		.eabi_attribute 26, 1
  10              		.eabi_attribute 30, 1
  11              		.eabi_attribute 34, 1
  12              		.eabi_attribute 18, 4
  13              		.file	"usart.c"
  14              		.text
  15              	.Ltext0:
  16              		.cfi_sections	.debug_frame
  17              		.section	.text.MX_USART1_UART_Init,"ax",%progbits
  18              		.align	1
  19              		.global	MX_USART1_UART_Init
  20              		.arch armv7e-m
  21              		.syntax unified
  22              		.thumb
  23              		.thumb_func
  24              		.fpu fpv4-sp-d16
  26              	MX_USART1_UART_Init:
  27              	.LFB134:
  28              		.file 1 "Src/usart.c"
   1:Src/usart.c   **** 
   2:Src/usart.c   **** /**
   3:Src/usart.c   ****  ******************************************************************************
   4:Src/usart.c   ****  * @file    usart.c
   5:Src/usart.c   ****  * @brief   This file provides code for the configuration
   6:Src/usart.c   ****  *          of the USART instances.
   7:Src/usart.c   ****  ******************************************************************************
   8:Src/usart.c   ****  * @attention
   9:Src/usart.c   ****  *
  10:Src/usart.c   ****  * Copyright (c) 2024 STMicroelectronics.
  11:Src/usart.c   ****  * All rights reserved.
  12:Src/usart.c   ****  *
  13:Src/usart.c   ****  * This software is licensed under terms that can be found in the LICENSE file
  14:Src/usart.c   ****  * in the root directory of this software component.
  15:Src/usart.c   ****  * If no LICENSE file comes with this software, it is provided AS-IS.
  16:Src/usart.c   ****  *
  17:Src/usart.c   ****  ******************************************************************************
  18:Src/usart.c   ****  */
  19:Src/usart.c   **** 
  20:Src/usart.c   **** #include "usart.h"
  21:Src/usart.c   **** 
  22:Src/usart.c   **** UART_HandleTypeDef huart1;
  23:Src/usart.c   **** DMA_HandleTypeDef hdma_usart1_tx;
  24:Src/usart.c   **** 
  25:Src/usart.c   **** void MX_USART1_UART_Init(void)
  26:Src/usart.c   **** {
  29              		.loc 1 26 1 view -0
  30              		.cfi_startproc
  31              		@ args = 0, pretend = 0, frame = 0
  32              		@ frame_needed = 0, uses_anonymous_args = 0
ARM GAS  /tmp/ccA2qQUr.s 			page 2


  33 0000 08B5     		push	{r3, lr}
  34              	.LCFI0:
  35              		.cfi_def_cfa_offset 8
  36              		.cfi_offset 3, -8
  37              		.cfi_offset 14, -4
  27:Src/usart.c   **** 
  28:Src/usart.c   ****   huart1.Instance = USART1;
  38              		.loc 1 28 3 view .LVU1
  39              		.loc 1 28 19 is_stmt 0 view .LVU2
  40 0002 0A48     		ldr	r0, .L5
  41 0004 0A4B     		ldr	r3, .L5+4
  42 0006 0360     		str	r3, [r0]
  29:Src/usart.c   ****   huart1.Init.BaudRate = 31250;
  43              		.loc 1 29 3 is_stmt 1 view .LVU3
  44              		.loc 1 29 24 is_stmt 0 view .LVU4
  45 0008 47F61223 		movw	r3, #31250
  46 000c 4360     		str	r3, [r0, #4]
  30:Src/usart.c   ****   huart1.Init.WordLength = UART_WORDLENGTH_8B;
  47              		.loc 1 30 3 is_stmt 1 view .LVU5
  48              		.loc 1 30 26 is_stmt 0 view .LVU6
  49 000e 0023     		movs	r3, #0
  50 0010 8360     		str	r3, [r0, #8]
  31:Src/usart.c   ****   huart1.Init.StopBits = UART_STOPBITS_1;
  51              		.loc 1 31 3 is_stmt 1 view .LVU7
  52              		.loc 1 31 24 is_stmt 0 view .LVU8
  53 0012 C360     		str	r3, [r0, #12]
  32:Src/usart.c   ****   huart1.Init.Parity = UART_PARITY_NONE;
  54              		.loc 1 32 3 is_stmt 1 view .LVU9
  55              		.loc 1 32 22 is_stmt 0 view .LVU10
  56 0014 0361     		str	r3, [r0, #16]
  33:Src/usart.c   ****   huart1.Init.Mode = UART_MODE_TX;
  57              		.loc 1 33 3 is_stmt 1 view .LVU11
  58              		.loc 1 33 20 is_stmt 0 view .LVU12
  59 0016 0822     		movs	r2, #8
  60 0018 4261     		str	r2, [r0, #20]
  34:Src/usart.c   ****   huart1.Init.HwFlowCtl = UART_HWCONTROL_NONE;
  61              		.loc 1 34 3 is_stmt 1 view .LVU13
  62              		.loc 1 34 25 is_stmt 0 view .LVU14
  63 001a 8361     		str	r3, [r0, #24]
  35:Src/usart.c   ****   huart1.Init.OverSampling = UART_OVERSAMPLING_16;
  64              		.loc 1 35 3 is_stmt 1 view .LVU15
  65              		.loc 1 35 28 is_stmt 0 view .LVU16
  66 001c C361     		str	r3, [r0, #28]
  36:Src/usart.c   ****   if (HAL_UART_Init(&huart1) != HAL_OK)
  67              		.loc 1 36 3 is_stmt 1 view .LVU17
  68              		.loc 1 36 7 is_stmt 0 view .LVU18
  69 001e FFF7FEFF 		bl	HAL_UART_Init
  70              	.LVL0:
  71              		.loc 1 36 6 view .LVU19
  72 0022 00B9     		cbnz	r0, .L4
  73              	.L1:
  37:Src/usart.c   ****   {
  38:Src/usart.c   ****     Error_Handler();
  39:Src/usart.c   ****   }
  40:Src/usart.c   **** }
  74              		.loc 1 40 1 view .LVU20
  75 0024 08BD     		pop	{r3, pc}
ARM GAS  /tmp/ccA2qQUr.s 			page 3


  76              	.L4:
  38:Src/usart.c   ****   }
  77              		.loc 1 38 5 is_stmt 1 view .LVU21
  78 0026 FFF7FEFF 		bl	Error_Handler
  79              	.LVL1:
  80              		.loc 1 40 1 is_stmt 0 view .LVU22
  81 002a FBE7     		b	.L1
  82              	.L6:
  83              		.align	2
  84              	.L5:
  85 002c 00000000 		.word	.LANCHOR0
  86 0030 00100140 		.word	1073811456
  87              		.cfi_endproc
  88              	.LFE134:
  90              		.section	.text.HAL_UART_MspInit,"ax",%progbits
  91              		.align	1
  92              		.global	HAL_UART_MspInit
  93              		.syntax unified
  94              		.thumb
  95              		.thumb_func
  96              		.fpu fpv4-sp-d16
  98              	HAL_UART_MspInit:
  99              	.LVL2:
 100              	.LFB135:
  41:Src/usart.c   **** 
  42:Src/usart.c   **** void HAL_UART_MspInit(UART_HandleTypeDef *uartHandle)
  43:Src/usart.c   **** {
 101              		.loc 1 43 1 is_stmt 1 view -0
 102              		.cfi_startproc
 103              		@ args = 0, pretend = 0, frame = 32
 104              		@ frame_needed = 0, uses_anonymous_args = 0
 105              		.loc 1 43 1 is_stmt 0 view .LVU24
 106 0000 2DE9F047 		push	{r4, r5, r6, r7, r8, r9, r10, lr}
 107              	.LCFI1:
 108              		.cfi_def_cfa_offset 32
 109              		.cfi_offset 4, -32
 110              		.cfi_offset 5, -28
 111              		.cfi_offset 6, -24
 112              		.cfi_offset 7, -20
 113              		.cfi_offset 8, -16
 114              		.cfi_offset 9, -12
 115              		.cfi_offset 10, -8
 116              		.cfi_offset 14, -4
 117 0004 88B0     		sub	sp, sp, #32
 118              	.LCFI2:
 119              		.cfi_def_cfa_offset 64
  44:Src/usart.c   **** 
  45:Src/usart.c   ****   GPIO_InitTypeDef GPIO_InitStruct = {0};
 120              		.loc 1 45 3 is_stmt 1 view .LVU25
 121              		.loc 1 45 20 is_stmt 0 view .LVU26
 122 0006 0023     		movs	r3, #0
 123 0008 0393     		str	r3, [sp, #12]
 124 000a 0493     		str	r3, [sp, #16]
 125 000c 0593     		str	r3, [sp, #20]
 126 000e 0693     		str	r3, [sp, #24]
 127 0010 0793     		str	r3, [sp, #28]
  46:Src/usart.c   ****   if (uartHandle->Instance == USART1)
ARM GAS  /tmp/ccA2qQUr.s 			page 4


 128              		.loc 1 46 3 is_stmt 1 view .LVU27
 129              		.loc 1 46 17 is_stmt 0 view .LVU28
 130 0012 0268     		ldr	r2, [r0]
 131              		.loc 1 46 6 view .LVU29
 132 0014 03F18043 		add	r3, r3, #1073741824
 133 0018 03F58833 		add	r3, r3, #69632
 134 001c 9A42     		cmp	r2, r3
 135 001e 02D0     		beq	.L11
 136              	.LVL3:
 137              	.L7:
  47:Src/usart.c   ****   {
  48:Src/usart.c   **** 
  49:Src/usart.c   ****     __HAL_RCC_USART1_CLK_ENABLE();
  50:Src/usart.c   **** 
  51:Src/usart.c   ****     __HAL_RCC_GPIOA_CLK_ENABLE();
  52:Src/usart.c   ****     __HAL_RCC_GPIOB_CLK_ENABLE();
  53:Src/usart.c   ****     /**USART1 GPIO Configuration
  54:Src/usart.c   ****     PA10     ------> USART1_RX
  55:Src/usart.c   ****     PB6     ------> USART1_TX
  56:Src/usart.c   ****     */
  57:Src/usart.c   ****     GPIO_InitStruct.Pin = GPIO_PIN_10;
  58:Src/usart.c   ****     GPIO_InitStruct.Mode = GPIO_MODE_AF_PP;
  59:Src/usart.c   ****     GPIO_InitStruct.Pull = GPIO_NOPULL;
  60:Src/usart.c   ****     GPIO_InitStruct.Speed = GPIO_SPEED_FREQ_VERY_HIGH;
  61:Src/usart.c   ****     GPIO_InitStruct.Alternate = GPIO_AF7_USART1;
  62:Src/usart.c   ****     HAL_GPIO_Init(GPIOA, &GPIO_InitStruct);
  63:Src/usart.c   **** 
  64:Src/usart.c   ****     GPIO_InitStruct.Pin = GPIO_PIN_6;
  65:Src/usart.c   ****     GPIO_InitStruct.Mode = GPIO_MODE_AF_PP;
  66:Src/usart.c   ****     GPIO_InitStruct.Pull = GPIO_NOPULL;
  67:Src/usart.c   ****     GPIO_InitStruct.Speed = GPIO_SPEED_FREQ_VERY_HIGH;
  68:Src/usart.c   ****     GPIO_InitStruct.Alternate = GPIO_AF7_USART1;
  69:Src/usart.c   ****     HAL_GPIO_Init(GPIOB, &GPIO_InitStruct);
  70:Src/usart.c   **** 
  71:Src/usart.c   ****     hdma_usart1_tx.Instance = DMA2_Stream7;
  72:Src/usart.c   ****     hdma_usart1_tx.Init.Channel = DMA_CHANNEL_4;
  73:Src/usart.c   ****     hdma_usart1_tx.Init.Direction = DMA_MEMORY_TO_PERIPH;
  74:Src/usart.c   ****     hdma_usart1_tx.Init.PeriphInc = DMA_PINC_DISABLE;
  75:Src/usart.c   ****     hdma_usart1_tx.Init.MemInc = DMA_MINC_ENABLE;
  76:Src/usart.c   ****     hdma_usart1_tx.Init.PeriphDataAlignment = DMA_PDATAALIGN_BYTE;
  77:Src/usart.c   ****     hdma_usart1_tx.Init.MemDataAlignment = DMA_MDATAALIGN_BYTE;
  78:Src/usart.c   ****     hdma_usart1_tx.Init.Mode = DMA_NORMAL;
  79:Src/usart.c   ****     hdma_usart1_tx.Init.Priority = DMA_PRIORITY_MEDIUM;
  80:Src/usart.c   ****     hdma_usart1_tx.Init.FIFOMode = DMA_FIFOMODE_DISABLE;
  81:Src/usart.c   ****     if (HAL_DMA_Init(&hdma_usart1_tx) != HAL_OK)
  82:Src/usart.c   ****     {
  83:Src/usart.c   ****       Error_Handler();
  84:Src/usart.c   ****     }
  85:Src/usart.c   **** 
  86:Src/usart.c   ****     __HAL_LINKDMA(uartHandle, hdmatx, hdma_usart1_tx);
  87:Src/usart.c   **** 
  88:Src/usart.c   ****     HAL_NVIC_SetPriority(USART1_IRQn, 2, 0);
  89:Src/usart.c   ****     HAL_NVIC_EnableIRQ(USART1_IRQn);
  90:Src/usart.c   ****   }
  91:Src/usart.c   **** }
 138              		.loc 1 91 1 view .LVU30
 139 0020 08B0     		add	sp, sp, #32
ARM GAS  /tmp/ccA2qQUr.s 			page 5


 140              	.LCFI3:
 141              		.cfi_remember_state
 142              		.cfi_def_cfa_offset 32
 143              		@ sp needed
 144 0022 BDE8F087 		pop	{r4, r5, r6, r7, r8, r9, r10, pc}
 145              	.LVL4:
 146              	.L11:
 147              	.LCFI4:
 148              		.cfi_restore_state
 149              		.loc 1 91 1 view .LVU31
 150 0026 0446     		mov	r4, r0
  49:Src/usart.c   **** 
 151              		.loc 1 49 5 is_stmt 1 view .LVU32
 152              	.LBB2:
  49:Src/usart.c   **** 
 153              		.loc 1 49 5 view .LVU33
 154 0028 0025     		movs	r5, #0
 155 002a 0095     		str	r5, [sp]
  49:Src/usart.c   **** 
 156              		.loc 1 49 5 view .LVU34
 157 002c 03F59433 		add	r3, r3, #75776
 158 0030 5A6C     		ldr	r2, [r3, #68]
 159 0032 42F01002 		orr	r2, r2, #16
 160 0036 5A64     		str	r2, [r3, #68]
  49:Src/usart.c   **** 
 161              		.loc 1 49 5 view .LVU35
 162 0038 5A6C     		ldr	r2, [r3, #68]
 163 003a 02F01002 		and	r2, r2, #16
 164 003e 0092     		str	r2, [sp]
  49:Src/usart.c   **** 
 165              		.loc 1 49 5 view .LVU36
 166 0040 009A     		ldr	r2, [sp]
 167              	.LBE2:
  49:Src/usart.c   **** 
 168              		.loc 1 49 5 view .LVU37
  51:Src/usart.c   ****     __HAL_RCC_GPIOB_CLK_ENABLE();
 169              		.loc 1 51 5 view .LVU38
 170              	.LBB3:
  51:Src/usart.c   ****     __HAL_RCC_GPIOB_CLK_ENABLE();
 171              		.loc 1 51 5 view .LVU39
 172 0042 0195     		str	r5, [sp, #4]
  51:Src/usart.c   ****     __HAL_RCC_GPIOB_CLK_ENABLE();
 173              		.loc 1 51 5 view .LVU40
 174 0044 1A6B     		ldr	r2, [r3, #48]
 175 0046 42F00102 		orr	r2, r2, #1
 176 004a 1A63     		str	r2, [r3, #48]
  51:Src/usart.c   ****     __HAL_RCC_GPIOB_CLK_ENABLE();
 177              		.loc 1 51 5 view .LVU41
 178 004c 1A6B     		ldr	r2, [r3, #48]
 179 004e 02F00102 		and	r2, r2, #1
 180 0052 0192     		str	r2, [sp, #4]
  51:Src/usart.c   ****     __HAL_RCC_GPIOB_CLK_ENABLE();
 181              		.loc 1 51 5 view .LVU42
 182 0054 019A     		ldr	r2, [sp, #4]
 183              	.LBE3:
  51:Src/usart.c   ****     __HAL_RCC_GPIOB_CLK_ENABLE();
 184              		.loc 1 51 5 view .LVU43
ARM GAS  /tmp/ccA2qQUr.s 			page 6


  52:Src/usart.c   ****     /**USART1 GPIO Configuration
 185              		.loc 1 52 5 view .LVU44
 186              	.LBB4:
  52:Src/usart.c   ****     /**USART1 GPIO Configuration
 187              		.loc 1 52 5 view .LVU45
 188 0056 0295     		str	r5, [sp, #8]
  52:Src/usart.c   ****     /**USART1 GPIO Configuration
 189              		.loc 1 52 5 view .LVU46
 190 0058 1A6B     		ldr	r2, [r3, #48]
 191 005a 42F00202 		orr	r2, r2, #2
 192 005e 1A63     		str	r2, [r3, #48]
  52:Src/usart.c   ****     /**USART1 GPIO Configuration
 193              		.loc 1 52 5 view .LVU47
 194 0060 1B6B     		ldr	r3, [r3, #48]
 195 0062 03F00203 		and	r3, r3, #2
 196 0066 0293     		str	r3, [sp, #8]
  52:Src/usart.c   ****     /**USART1 GPIO Configuration
 197              		.loc 1 52 5 view .LVU48
 198 0068 029B     		ldr	r3, [sp, #8]
 199              	.LBE4:
  52:Src/usart.c   ****     /**USART1 GPIO Configuration
 200              		.loc 1 52 5 view .LVU49
  57:Src/usart.c   ****     GPIO_InitStruct.Mode = GPIO_MODE_AF_PP;
 201              		.loc 1 57 5 view .LVU50
  57:Src/usart.c   ****     GPIO_InitStruct.Mode = GPIO_MODE_AF_PP;
 202              		.loc 1 57 25 is_stmt 0 view .LVU51
 203 006a 4FF48066 		mov	r6, #1024
 204 006e 0396     		str	r6, [sp, #12]
  58:Src/usart.c   ****     GPIO_InitStruct.Pull = GPIO_NOPULL;
 205              		.loc 1 58 5 is_stmt 1 view .LVU52
  58:Src/usart.c   ****     GPIO_InitStruct.Pull = GPIO_NOPULL;
 206              		.loc 1 58 26 is_stmt 0 view .LVU53
 207 0070 4FF0020A 		mov	r10, #2
 208 0074 CDF810A0 		str	r10, [sp, #16]
  59:Src/usart.c   ****     GPIO_InitStruct.Speed = GPIO_SPEED_FREQ_VERY_HIGH;
 209              		.loc 1 59 5 is_stmt 1 view .LVU54
  60:Src/usart.c   ****     GPIO_InitStruct.Alternate = GPIO_AF7_USART1;
 210              		.loc 1 60 5 view .LVU55
  60:Src/usart.c   ****     GPIO_InitStruct.Alternate = GPIO_AF7_USART1;
 211              		.loc 1 60 27 is_stmt 0 view .LVU56
 212 0078 4FF00309 		mov	r9, #3
 213 007c CDF81890 		str	r9, [sp, #24]
  61:Src/usart.c   ****     HAL_GPIO_Init(GPIOA, &GPIO_InitStruct);
 214              		.loc 1 61 5 is_stmt 1 view .LVU57
  61:Src/usart.c   ****     HAL_GPIO_Init(GPIOA, &GPIO_InitStruct);
 215              		.loc 1 61 31 is_stmt 0 view .LVU58
 216 0080 4FF00708 		mov	r8, #7
 217 0084 CDF81C80 		str	r8, [sp, #28]
  62:Src/usart.c   **** 
 218              		.loc 1 62 5 is_stmt 1 view .LVU59
 219 0088 03A9     		add	r1, sp, #12
 220 008a 1948     		ldr	r0, .L13
 221              	.LVL5:
  62:Src/usart.c   **** 
 222              		.loc 1 62 5 is_stmt 0 view .LVU60
 223 008c FFF7FEFF 		bl	HAL_GPIO_Init
 224              	.LVL6:
ARM GAS  /tmp/ccA2qQUr.s 			page 7


  64:Src/usart.c   ****     GPIO_InitStruct.Mode = GPIO_MODE_AF_PP;
 225              		.loc 1 64 5 is_stmt 1 view .LVU61
  64:Src/usart.c   ****     GPIO_InitStruct.Mode = GPIO_MODE_AF_PP;
 226              		.loc 1 64 25 is_stmt 0 view .LVU62
 227 0090 4027     		movs	r7, #64
 228 0092 0397     		str	r7, [sp, #12]
  65:Src/usart.c   ****     GPIO_InitStruct.Pull = GPIO_NOPULL;
 229              		.loc 1 65 5 is_stmt 1 view .LVU63
  65:Src/usart.c   ****     GPIO_InitStruct.Pull = GPIO_NOPULL;
 230              		.loc 1 65 26 is_stmt 0 view .LVU64
 231 0094 CDF810A0 		str	r10, [sp, #16]
  66:Src/usart.c   ****     GPIO_InitStruct.Speed = GPIO_SPEED_FREQ_VERY_HIGH;
 232              		.loc 1 66 5 is_stmt 1 view .LVU65
  66:Src/usart.c   ****     GPIO_InitStruct.Speed = GPIO_SPEED_FREQ_VERY_HIGH;
 233              		.loc 1 66 26 is_stmt 0 view .LVU66
 234 0098 0595     		str	r5, [sp, #20]
  67:Src/usart.c   ****     GPIO_InitStruct.Alternate = GPIO_AF7_USART1;
 235              		.loc 1 67 5 is_stmt 1 view .LVU67
  67:Src/usart.c   ****     GPIO_InitStruct.Alternate = GPIO_AF7_USART1;
 236              		.loc 1 67 27 is_stmt 0 view .LVU68
 237 009a CDF81890 		str	r9, [sp, #24]
  68:Src/usart.c   ****     HAL_GPIO_Init(GPIOB, &GPIO_InitStruct);
 238              		.loc 1 68 5 is_stmt 1 view .LVU69
  68:Src/usart.c   ****     HAL_GPIO_Init(GPIOB, &GPIO_InitStruct);
 239              		.loc 1 68 31 is_stmt 0 view .LVU70
 240 009e CDF81C80 		str	r8, [sp, #28]
  69:Src/usart.c   **** 
 241              		.loc 1 69 5 is_stmt 1 view .LVU71
 242 00a2 03A9     		add	r1, sp, #12
 243 00a4 1348     		ldr	r0, .L13+4
 244 00a6 FFF7FEFF 		bl	HAL_GPIO_Init
 245              	.LVL7:
  71:Src/usart.c   ****     hdma_usart1_tx.Init.Channel = DMA_CHANNEL_4;
 246              		.loc 1 71 5 view .LVU72
  71:Src/usart.c   ****     hdma_usart1_tx.Init.Channel = DMA_CHANNEL_4;
 247              		.loc 1 71 29 is_stmt 0 view .LVU73
 248 00aa 1348     		ldr	r0, .L13+8
 249 00ac 134B     		ldr	r3, .L13+12
 250 00ae 0360     		str	r3, [r0]
  72:Src/usart.c   ****     hdma_usart1_tx.Init.Direction = DMA_MEMORY_TO_PERIPH;
 251              		.loc 1 72 5 is_stmt 1 view .LVU74
  72:Src/usart.c   ****     hdma_usart1_tx.Init.Direction = DMA_MEMORY_TO_PERIPH;
 252              		.loc 1 72 33 is_stmt 0 view .LVU75
 253 00b0 4FF00063 		mov	r3, #134217728
 254 00b4 4360     		str	r3, [r0, #4]
  73:Src/usart.c   ****     hdma_usart1_tx.Init.PeriphInc = DMA_PINC_DISABLE;
 255              		.loc 1 73 5 is_stmt 1 view .LVU76
  73:Src/usart.c   ****     hdma_usart1_tx.Init.PeriphInc = DMA_PINC_DISABLE;
 256              		.loc 1 73 35 is_stmt 0 view .LVU77
 257 00b6 8760     		str	r7, [r0, #8]
  74:Src/usart.c   ****     hdma_usart1_tx.Init.MemInc = DMA_MINC_ENABLE;
 258              		.loc 1 74 5 is_stmt 1 view .LVU78
  74:Src/usart.c   ****     hdma_usart1_tx.Init.MemInc = DMA_MINC_ENABLE;
 259              		.loc 1 74 35 is_stmt 0 view .LVU79
 260 00b8 C560     		str	r5, [r0, #12]
  75:Src/usart.c   ****     hdma_usart1_tx.Init.PeriphDataAlignment = DMA_PDATAALIGN_BYTE;
 261              		.loc 1 75 5 is_stmt 1 view .LVU80
ARM GAS  /tmp/ccA2qQUr.s 			page 8


  75:Src/usart.c   ****     hdma_usart1_tx.Init.PeriphDataAlignment = DMA_PDATAALIGN_BYTE;
 262              		.loc 1 75 32 is_stmt 0 view .LVU81
 263 00ba 0661     		str	r6, [r0, #16]
  76:Src/usart.c   ****     hdma_usart1_tx.Init.MemDataAlignment = DMA_MDATAALIGN_BYTE;
 264              		.loc 1 76 5 is_stmt 1 view .LVU82
  76:Src/usart.c   ****     hdma_usart1_tx.Init.MemDataAlignment = DMA_MDATAALIGN_BYTE;
 265              		.loc 1 76 45 is_stmt 0 view .LVU83
 266 00bc 4561     		str	r5, [r0, #20]
  77:Src/usart.c   ****     hdma_usart1_tx.Init.Mode = DMA_NORMAL;
 267              		.loc 1 77 5 is_stmt 1 view .LVU84
  77:Src/usart.c   ****     hdma_usart1_tx.Init.Mode = DMA_NORMAL;
 268              		.loc 1 77 42 is_stmt 0 view .LVU85
 269 00be 8561     		str	r5, [r0, #24]
  78:Src/usart.c   ****     hdma_usart1_tx.Init.Priority = DMA_PRIORITY_MEDIUM;
 270              		.loc 1 78 5 is_stmt 1 view .LVU86
  78:Src/usart.c   ****     hdma_usart1_tx.Init.Priority = DMA_PRIORITY_MEDIUM;
 271              		.loc 1 78 30 is_stmt 0 view .LVU87
 272 00c0 C561     		str	r5, [r0, #28]
  79:Src/usart.c   ****     hdma_usart1_tx.Init.FIFOMode = DMA_FIFOMODE_DISABLE;
 273              		.loc 1 79 5 is_stmt 1 view .LVU88
  79:Src/usart.c   ****     hdma_usart1_tx.Init.FIFOMode = DMA_FIFOMODE_DISABLE;
 274              		.loc 1 79 34 is_stmt 0 view .LVU89
 275 00c2 4FF48033 		mov	r3, #65536
 276 00c6 0362     		str	r3, [r0, #32]
  80:Src/usart.c   ****     if (HAL_DMA_Init(&hdma_usart1_tx) != HAL_OK)
 277              		.loc 1 80 5 is_stmt 1 view .LVU90
  80:Src/usart.c   ****     if (HAL_DMA_Init(&hdma_usart1_tx) != HAL_OK)
 278              		.loc 1 80 34 is_stmt 0 view .LVU91
 279 00c8 4562     		str	r5, [r0, #36]
  81:Src/usart.c   ****     {
 280              		.loc 1 81 5 is_stmt 1 view .LVU92
  81:Src/usart.c   ****     {
 281              		.loc 1 81 9 is_stmt 0 view .LVU93
 282 00ca FFF7FEFF 		bl	HAL_DMA_Init
 283              	.LVL8:
  81:Src/usart.c   ****     {
 284              		.loc 1 81 8 view .LVU94
 285 00ce 58B9     		cbnz	r0, .L12
 286              	.L9:
  86:Src/usart.c   **** 
 287              		.loc 1 86 5 is_stmt 1 view .LVU95
  86:Src/usart.c   **** 
 288              		.loc 1 86 5 view .LVU96
 289 00d0 094B     		ldr	r3, .L13+8
 290 00d2 A363     		str	r3, [r4, #56]
  86:Src/usart.c   **** 
 291              		.loc 1 86 5 view .LVU97
 292 00d4 9C63     		str	r4, [r3, #56]
  86:Src/usart.c   **** 
 293              		.loc 1 86 5 view .LVU98
  88:Src/usart.c   ****     HAL_NVIC_EnableIRQ(USART1_IRQn);
 294              		.loc 1 88 5 view .LVU99
 295 00d6 0022     		movs	r2, #0
 296 00d8 0221     		movs	r1, #2
 297 00da 2520     		movs	r0, #37
 298 00dc FFF7FEFF 		bl	HAL_NVIC_SetPriority
 299              	.LVL9:
ARM GAS  /tmp/ccA2qQUr.s 			page 9


  89:Src/usart.c   ****   }
 300              		.loc 1 89 5 view .LVU100
 301 00e0 2520     		movs	r0, #37
 302 00e2 FFF7FEFF 		bl	HAL_NVIC_EnableIRQ
 303              	.LVL10:
 304              		.loc 1 91 1 is_stmt 0 view .LVU101
 305 00e6 9BE7     		b	.L7
 306              	.L12:
  83:Src/usart.c   ****     }
 307              		.loc 1 83 7 is_stmt 1 view .LVU102
 308 00e8 FFF7FEFF 		bl	Error_Handler
 309              	.LVL11:
 310 00ec F0E7     		b	.L9
 311              	.L14:
 312 00ee 00BF     		.align	2
 313              	.L13:
 314 00f0 00000240 		.word	1073872896
 315 00f4 00040240 		.word	1073873920
 316 00f8 00000000 		.word	.LANCHOR1
 317 00fc B8640240 		.word	1073898680
 318              		.cfi_endproc
 319              	.LFE135:
 321              		.section	.text.HAL_UART_MspDeInit,"ax",%progbits
 322              		.align	1
 323              		.global	HAL_UART_MspDeInit
 324              		.syntax unified
 325              		.thumb
 326              		.thumb_func
 327              		.fpu fpv4-sp-d16
 329              	HAL_UART_MspDeInit:
 330              	.LVL12:
 331              	.LFB136:
  92:Src/usart.c   **** 
  93:Src/usart.c   **** void HAL_UART_MspDeInit(UART_HandleTypeDef *uartHandle)
  94:Src/usart.c   **** {
 332              		.loc 1 94 1 view -0
 333              		.cfi_startproc
 334              		@ args = 0, pretend = 0, frame = 0
 335              		@ frame_needed = 0, uses_anonymous_args = 0
  95:Src/usart.c   **** 
  96:Src/usart.c   ****   if (uartHandle->Instance == USART1)
 336              		.loc 1 96 3 view .LVU104
 337              		.loc 1 96 17 is_stmt 0 view .LVU105
 338 0000 0268     		ldr	r2, [r0]
 339              		.loc 1 96 6 view .LVU106
 340 0002 0D4B     		ldr	r3, .L22
 341 0004 9A42     		cmp	r2, r3
 342 0006 00D0     		beq	.L21
 343 0008 7047     		bx	lr
 344              	.L21:
  94:Src/usart.c   **** 
 345              		.loc 1 94 1 view .LVU107
 346 000a 10B5     		push	{r4, lr}
 347              	.LCFI5:
 348              		.cfi_def_cfa_offset 8
 349              		.cfi_offset 4, -8
 350              		.cfi_offset 14, -4
ARM GAS  /tmp/ccA2qQUr.s 			page 10


 351 000c 0446     		mov	r4, r0
  97:Src/usart.c   ****   {
  98:Src/usart.c   **** 
  99:Src/usart.c   ****     __HAL_RCC_USART1_CLK_DISABLE();
 352              		.loc 1 99 5 is_stmt 1 view .LVU108
 353 000e 0B4A     		ldr	r2, .L22+4
 354 0010 536C     		ldr	r3, [r2, #68]
 355 0012 23F01003 		bic	r3, r3, #16
 356 0016 5364     		str	r3, [r2, #68]
 100:Src/usart.c   **** 
 101:Src/usart.c   ****     /**USART1 GPIO Configuration
 102:Src/usart.c   ****     PA10     ------> USART1_RX
 103:Src/usart.c   ****     PB6     ------> USART1_TX
 104:Src/usart.c   ****     */
 105:Src/usart.c   ****     HAL_GPIO_DeInit(GPIOA, GPIO_PIN_10);
 357              		.loc 1 105 5 view .LVU109
 358 0018 4FF48061 		mov	r1, #1024
 359 001c 0848     		ldr	r0, .L22+8
 360              	.LVL13:
 361              		.loc 1 105 5 is_stmt 0 view .LVU110
 362 001e FFF7FEFF 		bl	HAL_GPIO_DeInit
 363              	.LVL14:
 106:Src/usart.c   **** 
 107:Src/usart.c   ****     HAL_GPIO_DeInit(GPIOB, GPIO_PIN_6);
 364              		.loc 1 107 5 is_stmt 1 view .LVU111
 365 0022 4021     		movs	r1, #64
 366 0024 0748     		ldr	r0, .L22+12
 367 0026 FFF7FEFF 		bl	HAL_GPIO_DeInit
 368              	.LVL15:
 108:Src/usart.c   **** 
 109:Src/usart.c   ****     HAL_DMA_DeInit(uartHandle->hdmatx);
 369              		.loc 1 109 5 view .LVU112
 370 002a A06B     		ldr	r0, [r4, #56]
 371 002c FFF7FEFF 		bl	HAL_DMA_DeInit
 372              	.LVL16:
 110:Src/usart.c   **** 
 111:Src/usart.c   ****     HAL_NVIC_DisableIRQ(USART1_IRQn);
 373              		.loc 1 111 5 view .LVU113
 374 0030 2520     		movs	r0, #37
 375 0032 FFF7FEFF 		bl	HAL_NVIC_DisableIRQ
 376              	.LVL17:
 112:Src/usart.c   ****   }
 113:Src/usart.c   **** }
 377              		.loc 1 113 1 is_stmt 0 view .LVU114
 378 0036 10BD     		pop	{r4, pc}
 379              	.LVL18:
 380              	.L23:
 381              		.loc 1 113 1 view .LVU115
 382              		.align	2
 383              	.L22:
 384 0038 00100140 		.word	1073811456
 385 003c 00380240 		.word	1073887232
 386 0040 00000240 		.word	1073872896
 387 0044 00040240 		.word	1073873920
 388              		.cfi_endproc
 389              	.LFE136:
 391              		.global	hdma_usart1_tx
ARM GAS  /tmp/ccA2qQUr.s 			page 11


 392              		.global	huart1
 393              		.section	.bss.hdma_usart1_tx,"aw",%nobits
 394              		.align	2
 395              		.set	.LANCHOR1,. + 0
 398              	hdma_usart1_tx:
 399 0000 00000000 		.space	96
 399      00000000 
 399      00000000 
 399      00000000 
 399      00000000 
 400              		.section	.bss.huart1,"aw",%nobits
 401              		.align	2
 402              		.set	.LANCHOR0,. + 0
 405              	huart1:
 406 0000 00000000 		.space	72
 406      00000000 
 406      00000000 
 406      00000000 
 406      00000000 
 407              		.text
 408              	.Letext0:
 409              		.file 2 "/usr/lib/gcc/arm-none-eabi/10.3.1/include/stdint.h"
 410              		.file 3 "Drivers/CMSIS/Device/ST/STM32F4xx/Include/stm32f411xe.h"
 411              		.file 4 "Drivers/STM32F4xx_HAL_Driver/Inc/stm32f4xx_hal_def.h"
 412              		.file 5 "Drivers/STM32F4xx_HAL_Driver/Inc/stm32f4xx_hal_gpio.h"
 413              		.file 6 "Drivers/STM32F4xx_HAL_Driver/Inc/stm32f4xx_hal_dma.h"
 414              		.file 7 "Drivers/STM32F4xx_HAL_Driver/Inc/stm32f4xx_hal_uart.h"
 415              		.file 8 "Inc/usart.h"
 416              		.file 9 "Drivers/STM32F4xx_HAL_Driver/Inc/stm32f4xx_hal_cortex.h"
 417              		.file 10 "Inc/main.h"
ARM GAS  /tmp/ccA2qQUr.s 			page 12


DEFINED SYMBOLS
                            *ABS*:0000000000000000 usart.c
     /tmp/ccA2qQUr.s:18     .text.MX_USART1_UART_Init:0000000000000000 $t
     /tmp/ccA2qQUr.s:26     .text.MX_USART1_UART_Init:0000000000000000 MX_USART1_UART_Init
     /tmp/ccA2qQUr.s:85     .text.MX_USART1_UART_Init:000000000000002c $d
     /tmp/ccA2qQUr.s:91     .text.HAL_UART_MspInit:0000000000000000 $t
     /tmp/ccA2qQUr.s:98     .text.HAL_UART_MspInit:0000000000000000 HAL_UART_MspInit
     /tmp/ccA2qQUr.s:314    .text.HAL_UART_MspInit:00000000000000f0 $d
     /tmp/ccA2qQUr.s:322    .text.HAL_UART_MspDeInit:0000000000000000 $t
     /tmp/ccA2qQUr.s:329    .text.HAL_UART_MspDeInit:0000000000000000 HAL_UART_MspDeInit
     /tmp/ccA2qQUr.s:384    .text.HAL_UART_MspDeInit:0000000000000038 $d
     /tmp/ccA2qQUr.s:398    .bss.hdma_usart1_tx:0000000000000000 hdma_usart1_tx
     /tmp/ccA2qQUr.s:405    .bss.huart1:0000000000000000 huart1
     /tmp/ccA2qQUr.s:394    .bss.hdma_usart1_tx:0000000000000000 $d
     /tmp/ccA2qQUr.s:401    .bss.huart1:0000000000000000 $d

UNDEFINED SYMBOLS
HAL_UART_Init
Error_Handler
HAL_GPIO_Init
HAL_DMA_Init
HAL_NVIC_SetPriority
HAL_NVIC_EnableIRQ
HAL_GPIO_DeInit
HAL_DMA_DeInit
HAL_NVIC_DisableIRQ
