ARM GAS  /tmp/ccAx3ccV.s 			page 1


   1              		.cpu cortex-m4
   2              		.eabi_attribute 27, 1
   3              		.eabi_attribute 28, 1
   4              		.eabi_attribute 20, 1
   5              		.eabi_attribute 21, 1
   6              		.eabi_attribute 23, 3
   7              		.eabi_attribute 24, 1
   8              		.eabi_attribute 25, 1
   9              		.eabi_attribute 26, 1
  10              		.eabi_attribute 30, 1
  11              		.eabi_attribute 34, 1
  12              		.eabi_attribute 18, 4
  13              		.file	"usb_device.c"
  14              		.text
  15              	.Ltext0:
  16              		.cfi_sections	.debug_frame
  17              		.section	.text.MX_USB_DEVICE_Init,"ax",%progbits
  18              		.align	1
  19              		.global	MX_USB_DEVICE_Init
  20              		.arch armv7e-m
  21              		.syntax unified
  22              		.thumb
  23              		.thumb_func
  24              		.fpu fpv4-sp-d16
  26              	MX_USB_DEVICE_Init:
  27              	.LFB138:
  28              		.file 1 "Src/usb_device.c"
   1:Src/usb_device.c **** 
   2:Src/usb_device.c **** /**
   3:Src/usb_device.c ****  ******************************************************************************
   4:Src/usb_device.c ****  * @file           : usb_device.c
   5:Src/usb_device.c ****  * @version        : v1.0_Cube
   6:Src/usb_device.c ****  * @brief          : This file implements the USB Device
   7:Src/usb_device.c ****  ******************************************************************************
   8:Src/usb_device.c ****  * @attention
   9:Src/usb_device.c ****  *
  10:Src/usb_device.c ****  * Copyright (c) 2024 STMicroelectronics.
  11:Src/usb_device.c ****  * All rights reserved.
  12:Src/usb_device.c ****  *
  13:Src/usb_device.c ****  * This software is licensed under terms that can be found in the LICENSE file
  14:Src/usb_device.c ****  * in the root directory of this software component.
  15:Src/usb_device.c ****  * If no LICENSE file comes with this software, it is provided AS-IS.
  16:Src/usb_device.c ****  *
  17:Src/usb_device.c ****  ******************************************************************************
  18:Src/usb_device.c ****  */
  19:Src/usb_device.c **** 
  20:Src/usb_device.c **** #include "usb_device.h"
  21:Src/usb_device.c **** #include "usbd_core.h"
  22:Src/usb_device.c **** #include "usbd_desc.h"
  23:Src/usb_device.c **** #include "usbd_hid.h"
  24:Src/usb_device.c **** 
  25:Src/usb_device.c **** USBD_HandleTypeDef hUsbDeviceFS;
  26:Src/usb_device.c **** 
  27:Src/usb_device.c **** /**
  28:Src/usb_device.c ****  * Init USB device Library, add supported class and start the library
  29:Src/usb_device.c ****  * @retval None
  30:Src/usb_device.c ****  */
ARM GAS  /tmp/ccAx3ccV.s 			page 2


  31:Src/usb_device.c **** void MX_USB_DEVICE_Init(void)
  32:Src/usb_device.c **** {
  29              		.loc 1 32 1 view -0
  30              		.cfi_startproc
  31              		@ args = 0, pretend = 0, frame = 0
  32              		@ frame_needed = 0, uses_anonymous_args = 0
  33 0000 08B5     		push	{r3, lr}
  34              	.LCFI0:
  35              		.cfi_def_cfa_offset 8
  36              		.cfi_offset 3, -8
  37              		.cfi_offset 14, -4
  33:Src/usb_device.c **** 
  34:Src/usb_device.c ****   if (USBD_Init(&hUsbDeviceFS, &FS_Desc, DEVICE_FS) != USBD_OK)
  38              		.loc 1 34 3 view .LVU1
  39              		.loc 1 34 7 is_stmt 0 view .LVU2
  40 0002 0022     		movs	r2, #0
  41 0004 0B49     		ldr	r1, .L9
  42 0006 0C48     		ldr	r0, .L9+4
  43 0008 FFF7FEFF 		bl	USBD_Init
  44              	.LVL0:
  45              		.loc 1 34 6 view .LVU3
  46 000c 48B9     		cbnz	r0, .L6
  47              	.L2:
  35:Src/usb_device.c ****   {
  36:Src/usb_device.c ****     Error_Handler();
  37:Src/usb_device.c ****   }
  38:Src/usb_device.c ****   if (USBD_RegisterClass(&hUsbDeviceFS, &USBD_HID) != USBD_OK)
  48              		.loc 1 38 3 is_stmt 1 view .LVU4
  49              		.loc 1 38 7 is_stmt 0 view .LVU5
  50 000e 0B49     		ldr	r1, .L9+8
  51 0010 0948     		ldr	r0, .L9+4
  52 0012 FFF7FEFF 		bl	USBD_RegisterClass
  53              	.LVL1:
  54              		.loc 1 38 6 view .LVU6
  55 0016 38B9     		cbnz	r0, .L7
  56              	.L3:
  39:Src/usb_device.c ****   {
  40:Src/usb_device.c ****     Error_Handler();
  41:Src/usb_device.c ****   }
  42:Src/usb_device.c ****   if (USBD_Start(&hUsbDeviceFS) != USBD_OK)
  57              		.loc 1 42 3 is_stmt 1 view .LVU7
  58              		.loc 1 42 7 is_stmt 0 view .LVU8
  59 0018 0748     		ldr	r0, .L9+4
  60 001a FFF7FEFF 		bl	USBD_Start
  61              	.LVL2:
  62              		.loc 1 42 6 view .LVU9
  63 001e 30B9     		cbnz	r0, .L8
  64              	.L1:
  43:Src/usb_device.c ****   {
  44:Src/usb_device.c ****     Error_Handler();
  45:Src/usb_device.c ****   }
  46:Src/usb_device.c **** }
  65              		.loc 1 46 1 view .LVU10
  66 0020 08BD     		pop	{r3, pc}
  67              	.L6:
  36:Src/usb_device.c ****   }
  68              		.loc 1 36 5 is_stmt 1 view .LVU11
ARM GAS  /tmp/ccAx3ccV.s 			page 3


  69 0022 FFF7FEFF 		bl	Error_Handler
  70              	.LVL3:
  71 0026 F2E7     		b	.L2
  72              	.L7:
  40:Src/usb_device.c ****   }
  73              		.loc 1 40 5 view .LVU12
  74 0028 FFF7FEFF 		bl	Error_Handler
  75              	.LVL4:
  76 002c F4E7     		b	.L3
  77              	.L8:
  44:Src/usb_device.c ****   }
  78              		.loc 1 44 5 view .LVU13
  79 002e FFF7FEFF 		bl	Error_Handler
  80              	.LVL5:
  81              		.loc 1 46 1 is_stmt 0 view .LVU14
  82 0032 F5E7     		b	.L1
  83              	.L10:
  84              		.align	2
  85              	.L9:
  86 0034 00000000 		.word	FS_Desc
  87 0038 00000000 		.word	.LANCHOR0
  88 003c 00000000 		.word	USBD_HID
  89              		.cfi_endproc
  90              	.LFE138:
  92              		.global	hUsbDeviceFS
  93              		.section	.bss.hUsbDeviceFS,"aw",%nobits
  94              		.align	2
  95              		.set	.LANCHOR0,. + 0
  98              	hUsbDeviceFS:
  99 0000 00000000 		.space	732
  99      00000000 
  99      00000000 
  99      00000000 
  99      00000000 
 100              		.text
 101              	.Letext0:
 102              		.file 2 "/usr/lib/gcc/arm-none-eabi/10.3.1/include/stdint.h"
 103              		.file 3 "Middlewares/ST/STM32_USB_Device_Library/Core/Inc/usbd_def.h"
 104              		.file 4 "Inc/usbd_desc.h"
 105              		.file 5 "Middlewares/ST/STM32_USB_Device_Library/Class/HID/Inc/usbd_hid.h"
 106              		.file 6 "Middlewares/ST/STM32_USB_Device_Library/Core/Inc/usbd_core.h"
 107              		.file 7 "Inc/main.h"
ARM GAS  /tmp/ccAx3ccV.s 			page 4


DEFINED SYMBOLS
                            *ABS*:0000000000000000 usb_device.c
     /tmp/ccAx3ccV.s:18     .text.MX_USB_DEVICE_Init:0000000000000000 $t
     /tmp/ccAx3ccV.s:26     .text.MX_USB_DEVICE_Init:0000000000000000 MX_USB_DEVICE_Init
     /tmp/ccAx3ccV.s:86     .text.MX_USB_DEVICE_Init:0000000000000034 $d
     /tmp/ccAx3ccV.s:98     .bss.hUsbDeviceFS:0000000000000000 hUsbDeviceFS
     /tmp/ccAx3ccV.s:94     .bss.hUsbDeviceFS:0000000000000000 $d

UNDEFINED SYMBOLS
USBD_Init
USBD_RegisterClass
USBD_Start
Error_Handler
FS_Desc
USBD_HID
