ARM GAS  /tmp/ccbVehQL.s 			page 1


   1              		.cpu cortex-m4
   2              		.eabi_attribute 27, 1
   3              		.eabi_attribute 28, 1
   4              		.eabi_attribute 20, 1
   5              		.eabi_attribute 21, 1
   6              		.eabi_attribute 23, 3
   7              		.eabi_attribute 24, 1
   8              		.eabi_attribute 25, 1
   9              		.eabi_attribute 26, 1
  10              		.eabi_attribute 30, 1
  11              		.eabi_attribute 34, 1
  12              		.eabi_attribute 18, 4
  13              		.file	"usbd_force_feedback_desc.c"
  14              		.text
  15              	.Ltext0:
  16              		.cfi_sections	.debug_frame
  17              		.global	USBD_FFB_ReportDesc_Size
  18              		.global	USBD_FFB_ReportDesc
  19              		.section	.rodata.USBD_FFB_ReportDesc,"a"
  20              		.align	2
  23              	USBD_FFB_ReportDesc:
  24 0000 05010904 		.ascii	"\005\001\011\004\241\001\205\001\011\001\241\000\011"
  24      A1018501 
  24      0901A100 
  24      09
  25 000d 30093115 		.ascii	"0\0111\025\000&\377\0005\000F\377\000u\010\225\002\201"
  25      0026FF00 
  25      350046FF 
  25      00750895 
  25      0281
  26 001f 02050919 		.ascii	"\002\005\011\031\001)\010\025\000%\001u\001\225\010"
  26      01290815 
  26      00250175 
  26      019508
  27 002e 8102C005 		.ascii	"\201\002\300\005\017\011\222\241\002\205\002\011\237"
  27      0F0992A1 
  27      02850209 
  27      9F
  28 003b 09A009A4 		.ascii	"\011\240\011\244\011\245\011\246\025\000%\001u\001\225"
  28      09A509A6 
  28      15002501 
  28      750195
  29 004a 05810295 		.ascii	"\005\201\002\225\003\201\003\011\224\011\"\025\001%"
  29      03810309 
  29      94092215 
  29      0125
  30 0058 28750795 		.ascii	"(u\007\225\001\201\002\011!\241\002\205\001\011\"\025"
  30      01810209 
  30      21A10285 
  30      01092215 
  31 0068 01252875 		.ascii	"\001%(u\010\225\001\221\002\011%\241\002\011&\011'\011"
  31      08950191 
  31      020925A1 
  31      02092609 
  31      2709
  32 007a 30093109 		.ascii	"0\0111\0112\0113\0114\011@\011A\011B\011C%\013\025\001"
  32      32093309 
ARM GAS  /tmp/ccbVehQL.s 			page 2


  32      34094009 
  32      41094209 
  32      43250B15 
  33 008f 75089501 		.ascii	"u\010\225\001\221\000\300\011P\011T\011Q\025\000&\377"
  33      9100C009 
  33      50095409 
  33      51150026 
  33      FF
  34 00a0 7F751095 		.ascii	"\177u\020\225\003\221\002\011R\025\000&\377\000u\010"
  34      03910209 
  34      52150026 
  34      FF007508 
  35 00b0 95019102 		.ascii	"\225\001\221\002\011W\025\000&\377\000u\010\225\001"
  35      09571500 
  35      26FF0075 
  35      089501
  36 00bf 9102C009 		.ascii	"\221\002\300\011\253\241\002\205\012\011\"\025\001%"
  36      ABA10285 
  36      0A092215 
  36      0125
  37 00cd 28750895 		.ascii	"(u\010\225\001\221\002\011[\025\001%\003u\010\225\001"
  37      01910209 
  37      5B150125 
  37      03750895 
  37      01
  38 00de 9102C009 		.ascii	"\221\002\300\011\226\241\002\205\014\011\227\025\001"
  38      96A10285 
  38      0C099715 
  38      01
  39 00eb 25047508 		.ascii	"%\004u\010\225\001\221\002\300\011\230\241\002\205\015"
  39      95019102 
  39      C00998A1 
  39      02850D
  40 00fa 09991500 		.ascii	"\011\231\025\000&\377\000u\010\225\001\221\002\300\300"
  40      26FF0075 
  40      08950191 
  40      02C0C0
  41              		.section	.rodata.USBD_FFB_ReportDesc_Size,"a"
  42              		.align	1
  45              	USBD_FFB_ReportDesc_Size:
  46 0000 0901     		.short	265
  47              		.text
  48              	.Letext0:
  49              		.file 1 "/usr/lib/gcc/arm-none-eabi/10.3.1/include/stdint.h"
  50              		.file 2 "Src/usbd_force_feedback_desc.h"
  51              		.file 3 "Src/usbd_force_feedback_desc.c"
ARM GAS  /tmp/ccbVehQL.s 			page 3


DEFINED SYMBOLS
                            *ABS*:0000000000000000 usbd_force_feedback_desc.c
     /tmp/ccbVehQL.s:45     .rodata.USBD_FFB_ReportDesc_Size:0000000000000000 USBD_FFB_ReportDesc_Size
     /tmp/ccbVehQL.s:23     .rodata.USBD_FFB_ReportDesc:0000000000000000 USBD_FFB_ReportDesc
     /tmp/ccbVehQL.s:20     .rodata.USBD_FFB_ReportDesc:0000000000000000 $d
     /tmp/ccbVehQL.s:42     .rodata.USBD_FFB_ReportDesc_Size:0000000000000000 $d

NO UNDEFINED SYMBOLS
